<?xml version="1.0" encoding="UTF-8"?>
<testsuites name="jest tests" tests="5" failures="0" errors="0" time="2.25">
  <testsuite name="utils/variant" errors="0" failures="0" skipped="0" timestamp="2021-10-20T00:21:02" time="1.775" tests="2">
    <testcase classname="utils/variant functions with string properties" name="utils/variant functions with string properties" time="0.132">
    </testcase>
    <testcase classname="utils/variant default variant works" name="utils/variant default variant works" time="0.003">
    </testcase>
  </testsuite>
  <testsuite name="utils/token" errors="0" failures="0" skipped="0" timestamp="2021-10-20T00:21:04" time="0.064" tests="3">
    <testcase classname="utils/token single property access in design system object" name="utils/token single property access in design system object" time="0.001">
    </testcase>
    <testcase classname="utils/token dot notation property access in design system object" name="utils/token dot notation property access in design system object" time="0.001">
    </testcase>
    <testcase classname="utils/token alias property access in design system object" name="utils/token alias property access in design system object" time="0.001">
    </testcase>
  </testsuite>
</testsuites>