<?xml version="1.0" encoding="UTF-8"?>
<testsuites name="jest tests" tests="2" failures="0" errors="0" time="3.699">
  <testsuite name="utils/colorSwatches" errors="0" failures="0" skipped="0" timestamp="2021-10-22T17:30:26" time="2.834" tests="2">
    <testcase classname="utils/colorSwatches generates color palette from hex color" name="utils/colorSwatches generates color palette from hex color" time="0.007">
    </testcase>
    <testcase classname="utils/colorSwatches generates color palette from rgb color" name="utils/colorSwatches generates color palette from rgb color" time="0.004">
    </testcase>
  </testsuite>
</testsuites>